<?xml version="1.0" encoding="utf-8"?><testsuites name="pytest tests"><testsuite name="pytest" errors="0" failures="0" skipped="0" tests="8" time="1.848" timestamp="2026-07-18T22:57:53.388369+00:00" hostname="agent-env-ca165315-4814-43e2-bedb-9bc4ab5283bd"><testcase classname="tests.backend_test_v5.TestEmailsAuth" name="test_post_requires_admin" time="0.252" /><testcase classname="tests.backend_test_v5.TestEmailsSeed" name="test_get_emails_returns_four_ordered" time="0.254" /><testcase classname="tests.backend_test_v5.TestEmailsAuth" name="test_put_requires_admin" time="0.293" /><testcase classname="tests.backend_test_v5.TestEmailsSeed" name="test_seed_audiences" time="0.032" /><testcase classname="tests.backend_test_v5.TestEmailsSeed" name="test_awardee_subject_contains_congratulations" time="0.173" /><testcase classname="tests.backend_test_v5.TestEmailsSeed" name="test_no_mongo_id_leak" time="0.072" /><testcase classname="tests.backend_test_v5.TestEmailsAuth" name="test_delete_requires_admin" time="0.104" /><testcase classname="tests.backend_test_v5.TestEmailsCrud" name="test_create_update_delete_persistence" time="0.718" /></testsuite></testsuites>