<?xml version="1.0" encoding="utf-8"?><testsuites name="pytest tests"><testsuite name="pytest" errors="0" failures="0" skipped="0" tests="13" time="1.690" timestamp="2026-07-18T22:24:58.292557+00:00" hostname="agent-env-ca165315-4814-43e2-bedb-9bc4ab5283bd"><testcase classname="tests.backend_test_v4.TestThemes2025" name="test_theme_2025_description_contains_award_system" time="0.262" /><testcase classname="tests.backend_test_v4.TestPhotoUpload" name="test_upload_requires_admin" time="0.260" /><testcase classname="tests.backend_test_v4.TestThemes2025" name="test_theme_2025_does_not_contain_preserved_by_future_cochairs" time="0.040" /><testcase classname="tests.backend_test_v4.TestThemes2025" name="test_theme_2025_does_not_contain_editorial_series" time="0.037" /><testcase classname="tests.backend_test_v4.TestTrackingNoJaneDoe" name="test_no_jane_doe_in_selection" time="0.231" /><testcase classname="tests.backend_test_v4.TestPhotoUpload" name="test_upload_rejects_non_image" time="0.401" /><testcase classname="tests.backend_test_v4.TestTrackingNoJaneDoe" name="test_no_jane_doe_in_production" time="0.039" /><testcase classname="tests.backend_test_v4.TestContactsV4" name="test_summer_phenix_is_founding_media_chair" time="0.081" /><testcase classname="tests.backend_test_v4.TestPhotoUpload" name="test_upload_accepts_png_and_returns_data_url" time="0.446" /><testcase classname="tests.backend_test_v4.TestContactsV4" name="test_kelsie_note_contains_cute_message" time="0.038" /><testcase classname="tests.backend_test_v4.TestAuthSanity" name="test_login_ok" time="0.278" /><testcase classname="tests.backend_test_v4.TestPhotosSeed" name="test_photos_include_award_show_for_2025_and_2026" time="0.041" /><testcase classname="tests.backend_test_v4.TestPhotosSeed" name="test_photos_do_not_contain_founders_day_feature" time="0.078" /></testsuite></testsuites>