<?xml version="1.0" encoding="utf-8"?><testsuites name="pytest tests"><testsuite name="pytest" errors="0" failures="0" skipped="0" tests="14" time="1.847" timestamp="2026-07-18T22:05:47.904153+00:00" hostname="agent-env-ca165315-4814-43e2-bedb-9bc4ab5283bd"><testcase classname="tests.backend_test.TestPhotos" name="test_photos_seed_has_min_three" time="0.177" /><testcase classname="tests.backend_test.TestContacts" name="test_contacts_seed_has_founder_and_three_chairs" time="0.132" /><testcase classname="tests.backend_test.TestContacts" name="test_contacts_require_admin_for_write" time="0.081" /><testcase classname="tests.backend_test.TestPhotos" name="test_photos_require_admin_for_write" time="0.092" /><testcase classname="tests.backend_test.TestPhotos" name="test_photos_crud_end_to_end" time="0.941" /><testcase classname="tests.backend_test.TestContacts" name="test_contacts_crud_end_to_end" time="0.740" /><testcase classname="tests.backend_test.TestAuth" name="test_login_bad_credentials" time="0.253" /><testcase classname="tests.backend_test.TestAuth" name="test_me_requires_token" time="0.074" /><testcase classname="tests.backend_test.TestTracking" name="test_selection_rows_include_all_statuses_and_jane_doe" time="0.044" /><testcase classname="tests.backend_test.TestTracking" name="test_production_rows_include_na_and_jane_doe" time="0.042" /><testcase classname="tests.backend_test.TestAuth" name="test_me_returns_admin_user" time="0.074" /><testcase classname="tests.backend_test.TestNomination" name="test_nomination_has_nominator_info_and_anonymity_and_social" time="0.044" /><testcase classname="tests.backend_test.TestThemes" name="test_theme_descriptions_mention_intentional_and_18_1881" time="0.051" /><testcase classname="tests.backend_test.TestRubric" name="test_rubric_returns_5_criteria_max_5_total_25" time="0.031" /></testsuite></testsuites>